C(a,(b))|-(A(a,b,(z,x))->(?xB->A(a,b,(z,x))))
(A(a,b,(z,x))->((A(a,b,(z,x))->A(a,b,(z,x)))->A(a,b,(z,x))))
(A(a,b,(z,x))->(A(a,b,(z,x))->A(a,b,(z,x))))
((A(a,b,(z,x))->(A(a,b,(z,x))->A(a,b,(z,x))))->((A(a,b,(z,x))->((A(a,b,(z,x))->A(a,b,(z,x)))->A(a,b,(z,x))))->(A(a,b,(z,x))->A(a,b,(z,x)))))
((A(a,b,(z,x))->((A(a,b,(z,x))->A(a,b,(z,x)))->A(a,b,(z,x))))->(A(a,b,(z,x))->A(a,b,(z,x))))
(A(a,b,(z,x))->A(a,b,(z,x)))
((A(a,b,(z,x))->(B->A(a,b,(z,x))))->(A(a,b,(z,x))->(A(a,b,(z,x))->(B->A(a,b,(z,x))))))
(A(a,b,(z,x))->(B->A(a,b,(z,x))))
(A(a,b,(z,x))->(A(a,b,(z,x))->(B->A(a,b,(z,x)))))
((A(a,b,(z,x))->A(a,b,(z,x)))->((A(a,b,(z,x))->(A(a,b,(z,x))->(B->A(a,b,(z,x)))))->(A(a,b,(z,x))->(B->A(a,b,(z,x))))))
((A(a,b,(z,x))->(A(a,b,(z,x))->(B->A(a,b,(z,x)))))->(A(a,b,(z,x))->(B->A(a,b,(z,x)))))
(A(a,b,(z,x))->(B->A(a,b,(z,x))))
((A(a,b,(z,x))->((A(a,b,(z,x))->A(a,b,(z,x)))->A(a,b,(z,x))))->(B->(A(a,b,(z,x))->((A(a,b,(z,x))->A(a,b,(z,x)))->A(a,b,(z,x))))))
(A(a,b,(z,x))->((A(a,b,(z,x))->A(a,b,(z,x)))->A(a,b,(z,x))))
(B->(A(a,b,(z,x))->((A(a,b,(z,x))->A(a,b,(z,x)))->A(a,b,(z,x)))))
((A(a,b,(z,x))->(A(a,b,(z,x))->A(a,b,(z,x))))->(B->(A(a,b,(z,x))->(A(a,b,(z,x))->A(a,b,(z,x))))))
(A(a,b,(z,x))->(A(a,b,(z,x))->A(a,b,(z,x))))
(B->(A(a,b,(z,x))->(A(a,b,(z,x))->A(a,b,(z,x)))))
(((A(a,b,(z,x))->(A(a,b,(z,x))->A(a,b,(z,x))))->((A(a,b,(z,x))->((A(a,b,(z,x))->A(a,b,(z,x)))->A(a,b,(z,x))))->(A(a,b,(z,x))->A(a,b,(z,x)))))->(B->((A(a,b,(z,x))->(A(a,b,(z,x))->A(a,b,(z,x))))->((A(a,b,(z,x))->((A(a,b,(z,x))->A(a,b,(z,x)))->A(a,b,(z,x))))->(A(a,b,(z,x))->A(a,b,(z,x)))))))
((A(a,b,(z,x))->(A(a,b,(z,x))->A(a,b,(z,x))))->((A(a,b,(z,x))->((A(a,b,(z,x))->A(a,b,(z,x)))->A(a,b,(z,x))))->(A(a,b,(z,x))->A(a,b,(z,x)))))
(B->((A(a,b,(z,x))->(A(a,b,(z,x))->A(a,b,(z,x))))->((A(a,b,(z,x))->((A(a,b,(z,x))->A(a,b,(z,x)))->A(a,b,(z,x))))->(A(a,b,(z,x))->A(a,b,(z,x))))))
((B->(A(a,b,(z,x))->(A(a,b,(z,x))->A(a,b,(z,x)))))->((B->((A(a,b,(z,x))->(A(a,b,(z,x))->A(a,b,(z,x))))->((A(a,b,(z,x))->((A(a,b,(z,x))->A(a,b,(z,x)))->A(a,b,(z,x))))->(A(a,b,(z,x))->A(a,b,(z,x))))))->(B->((A(a,b,(z,x))->((A(a,b,(z,x))->A(a,b,(z,x)))->A(a,b,(z,x))))->(A(a,b,(z,x))->A(a,b,(z,x)))))))
((B->((A(a,b,(z,x))->(A(a,b,(z,x))->A(a,b,(z,x))))->((A(a,b,(z,x))->((A(a,b,(z,x))->A(a,b,(z,x)))->A(a,b,(z,x))))->(A(a,b,(z,x))->A(a,b,(z,x))))))->(B->((A(a,b,(z,x))->((A(a,b,(z,x))->A(a,b,(z,x)))->A(a,b,(z,x))))->(A(a,b,(z,x))->A(a,b,(z,x))))))
(B->((A(a,b,(z,x))->((A(a,b,(z,x))->A(a,b,(z,x)))->A(a,b,(z,x))))->(A(a,b,(z,x))->A(a,b,(z,x)))))
((B->(A(a,b,(z,x))->((A(a,b,(z,x))->A(a,b,(z,x)))->A(a,b,(z,x)))))->((B->((A(a,b,(z,x))->((A(a,b,(z,x))->A(a,b,(z,x)))->A(a,b,(z,x))))->(A(a,b,(z,x))->A(a,b,(z,x)))))->(B->(A(a,b,(z,x))->A(a,b,(z,x))))))
((B->((A(a,b,(z,x))->((A(a,b,(z,x))->A(a,b,(z,x)))->A(a,b,(z,x))))->(A(a,b,(z,x))->A(a,b,(z,x)))))->(B->(A(a,b,(z,x))->A(a,b,(z,x)))))
(B->(A(a,b,(z,x))->A(a,b,(z,x))))
(((A(a,b,(z,x))->(B->A(a,b,(z,x))))->(A(a,b,(z,x))->(A(a,b,(z,x))->(B->A(a,b,(z,x))))))->(B->((A(a,b,(z,x))->(B->A(a,b,(z,x))))->(A(a,b,(z,x))->(A(a,b,(z,x))->(B->A(a,b,(z,x))))))))
((A(a,b,(z,x))->(B->A(a,b,(z,x))))->(A(a,b,(z,x))->(A(a,b,(z,x))->(B->A(a,b,(z,x))))))
(B->((A(a,b,(z,x))->(B->A(a,b,(z,x))))->(A(a,b,(z,x))->(A(a,b,(z,x))->(B->A(a,b,(z,x)))))))
((A(a,b,(z,x))->(B->A(a,b,(z,x))))->(B->(A(a,b,(z,x))->(B->A(a,b,(z,x))))))
(A(a,b,(z,x))->(B->A(a,b,(z,x))))
(B->(A(a,b,(z,x))->(B->A(a,b,(z,x)))))
((B->(A(a,b,(z,x))->(B->A(a,b,(z,x)))))->((B->((A(a,b,(z,x))->(B->A(a,b,(z,x))))->(A(a,b,(z,x))->(A(a,b,(z,x))->(B->A(a,b,(z,x)))))))->(B->(A(a,b,(z,x))->(A(a,b,(z,x))->(B->A(a,b,(z,x))))))))
((B->((A(a,b,(z,x))->(B->A(a,b,(z,x))))->(A(a,b,(z,x))->(A(a,b,(z,x))->(B->A(a,b,(z,x)))))))->(B->(A(a,b,(z,x))->(A(a,b,(z,x))->(B->A(a,b,(z,x)))))))
(B->(A(a,b,(z,x))->(A(a,b,(z,x))->(B->A(a,b,(z,x))))))
(((A(a,b,(z,x))->A(a,b,(z,x)))->((A(a,b,(z,x))->(A(a,b,(z,x))->(B->A(a,b,(z,x)))))->(A(a,b,(z,x))->(B->A(a,b,(z,x))))))->(B->((A(a,b,(z,x))->A(a,b,(z,x)))->((A(a,b,(z,x))->(A(a,b,(z,x))->(B->A(a,b,(z,x)))))->(A(a,b,(z,x))->(B->A(a,b,(z,x))))))))
((A(a,b,(z,x))->A(a,b,(z,x)))->((A(a,b,(z,x))->(A(a,b,(z,x))->(B->A(a,b,(z,x)))))->(A(a,b,(z,x))->(B->A(a,b,(z,x))))))
(B->((A(a,b,(z,x))->A(a,b,(z,x)))->((A(a,b,(z,x))->(A(a,b,(z,x))->(B->A(a,b,(z,x)))))->(A(a,b,(z,x))->(B->A(a,b,(z,x)))))))
((B->(A(a,b,(z,x))->A(a,b,(z,x))))->((B->((A(a,b,(z,x))->A(a,b,(z,x)))->((A(a,b,(z,x))->(A(a,b,(z,x))->(B->A(a,b,(z,x)))))->(A(a,b,(z,x))->(B->A(a,b,(z,x)))))))->(B->((A(a,b,(z,x))->(A(a,b,(z,x))->(B->A(a,b,(z,x)))))->(A(a,b,(z,x))->(B->A(a,b,(z,x))))))))
((B->((A(a,b,(z,x))->A(a,b,(z,x)))->((A(a,b,(z,x))->(A(a,b,(z,x))->(B->A(a,b,(z,x)))))->(A(a,b,(z,x))->(B->A(a,b,(z,x)))))))->(B->((A(a,b,(z,x))->(A(a,b,(z,x))->(B->A(a,b,(z,x)))))->(A(a,b,(z,x))->(B->A(a,b,(z,x)))))))
(B->((A(a,b,(z,x))->(A(a,b,(z,x))->(B->A(a,b,(z,x)))))->(A(a,b,(z,x))->(B->A(a,b,(z,x))))))
((A(a,b,(z,x))->(B->A(a,b,(z,x))))->(B->(A(a,b,(z,x))->(B->A(a,b,(z,x))))))
(A(a,b,(z,x))->(B->A(a,b,(z,x))))
(B->(A(a,b,(z,x))->(B->A(a,b,(z,x)))))
((B->(A(a,b,(z,x))->B))->(B->(B->(A(a,b,(z,x))->B))))
(B->(A(a,b,(z,x))->B))
(B->(B->(A(a,b,(z,x))->B)))
(B->((B->B)->B))
(B->(B->B))
((B->(B->B))->((B->((B->B)->B))->(B->B)))
((B->((B->B)->B))->(B->B))
(B->B)
((B->B)->((B->(B->(A(a,b,(z,x))->B)))->(B->(A(a,b,(z,x))->B))))
((B->(B->(A(a,b,(z,x))->B)))->(B->(A(a,b,(z,x))->B)))
(B->(A(a,b,(z,x))->B))
(((A(a,b,(z,x))->B)->((A(a,b,(z,x))->(B->A(a,b,(z,x))))->(A(a,b,(z,x))->A(a,b,(z,x)))))->(B->((A(a,b,(z,x))->B)->((A(a,b,(z,x))->(B->A(a,b,(z,x))))->(A(a,b,(z,x))->A(a,b,(z,x)))))))
((A(a,b,(z,x))->B)->((A(a,b,(z,x))->(B->A(a,b,(z,x))))->(A(a,b,(z,x))->A(a,b,(z,x)))))
(B->((A(a,b,(z,x))->B)->((A(a,b,(z,x))->(B->A(a,b,(z,x))))->(A(a,b,(z,x))->A(a,b,(z,x))))))
((B->(A(a,b,(z,x))->B))->((B->((A(a,b,(z,x))->B)->((A(a,b,(z,x))->(B->A(a,b,(z,x))))->(A(a,b,(z,x))->A(a,b,(z,x))))))->(B->((A(a,b,(z,x))->(B->A(a,b,(z,x))))->(A(a,b,(z,x))->A(a,b,(z,x)))))))
((B->((A(a,b,(z,x))->B)->((A(a,b,(z,x))->(B->A(a,b,(z,x))))->(A(a,b,(z,x))->A(a,b,(z,x))))))->(B->((A(a,b,(z,x))->(B->A(a,b,(z,x))))->(A(a,b,(z,x))->A(a,b,(z,x))))))
(B->((A(a,b,(z,x))->(B->A(a,b,(z,x))))->(A(a,b,(z,x))->A(a,b,(z,x)))))
((B->(A(a,b,(z,x))->(B->A(a,b,(z,x)))))->((B->((A(a,b,(z,x))->(B->A(a,b,(z,x))))->(A(a,b,(z,x))->A(a,b,(z,x)))))->(B->(A(a,b,(z,x))->A(a,b,(z,x))))))
((B->((A(a,b,(z,x))->(B->A(a,b,(z,x))))->(A(a,b,(z,x))->A(a,b,(z,x)))))->(B->(A(a,b,(z,x))->A(a,b,(z,x)))))
(B->(A(a,b,(z,x))->A(a,b,(z,x))))
(?wB->(A(a,b,(z,x))->A(a,b,(z,x))))
(((?wB->(A(a,b,(z,x))->A(a,b,(z,x))))->(?wB->(?wB->(A(a,b,(z,x))->A(a,b,(z,x))))))->(A(a,b,(z,x))->((?wB->(A(a,b,(z,x))->A(a,b,(z,x))))->(?wB->(?wB->(A(a,b,(z,x))->A(a,b,(z,x))))))))
((?wB->(A(a,b,(z,x))->A(a,b,(z,x))))->(?wB->(?wB->(A(a,b,(z,x))->A(a,b,(z,x))))))
(A(a,b,(z,x))->((?wB->(A(a,b,(z,x))->A(a,b,(z,x))))->(?wB->(?wB->(A(a,b,(z,x))->A(a,b,(z,x)))))))
((?wB->(A(a,b,(z,x))->A(a,b,(z,x))))->(A(a,b,(z,x))->(?wB->(A(a,b,(z,x))->A(a,b,(z,x))))))
(?wB->(A(a,b,(z,x))->A(a,b,(z,x))))
(A(a,b,(z,x))->(?wB->(A(a,b,(z,x))->A(a,b,(z,x)))))
((A(a,b,(z,x))->(?wB->(A(a,b,(z,x))->A(a,b,(z,x)))))->((A(a,b,(z,x))->((?wB->(A(a,b,(z,x))->A(a,b,(z,x))))->(?wB->(?wB->(A(a,b,(z,x))->A(a,b,(z,x)))))))->(A(a,b,(z,x))->(?wB->(?wB->(A(a,b,(z,x))->A(a,b,(z,x))))))))
((A(a,b,(z,x))->((?wB->(A(a,b,(z,x))->A(a,b,(z,x))))->(?wB->(?wB->(A(a,b,(z,x))->A(a,b,(z,x)))))))->(A(a,b,(z,x))->(?wB->(?wB->(A(a,b,(z,x))->A(a,b,(z,x)))))))
(A(a,b,(z,x))->(?wB->(?wB->(A(a,b,(z,x))->A(a,b,(z,x))))))
((?wB->((?wB->?wB)->?wB))->(A(a,b,(z,x))->(?wB->((?wB->?wB)->?wB))))
(?wB->((?wB->?wB)->?wB))
(A(a,b,(z,x))->(?wB->((?wB->?wB)->?wB)))
((?wB->(?wB->?wB))->(A(a,b,(z,x))->(?wB->(?wB->?wB))))
(?wB->(?wB->?wB))
(A(a,b,(z,x))->(?wB->(?wB->?wB)))
(((?wB->(?wB->?wB))->((?wB->((?wB->?wB)->?wB))->(?wB->?wB)))->(A(a,b,(z,x))->((?wB->(?wB->?wB))->((?wB->((?wB->?wB)->?wB))->(?wB->?wB)))))
((?wB->(?wB->?wB))->((?wB->((?wB->?wB)->?wB))->(?wB->?wB)))
(A(a,b,(z,x))->((?wB->(?wB->?wB))->((?wB->((?wB->?wB)->?wB))->(?wB->?wB))))
((A(a,b,(z,x))->(?wB->(?wB->?wB)))->((A(a,b,(z,x))->((?wB->(?wB->?wB))->((?wB->((?wB->?wB)->?wB))->(?wB->?wB))))->(A(a,b,(z,x))->((?wB->((?wB->?wB)->?wB))->(?wB->?wB)))))
((A(a,b,(z,x))->((?wB->(?wB->?wB))->((?wB->((?wB->?wB)->?wB))->(?wB->?wB))))->(A(a,b,(z,x))->((?wB->((?wB->?wB)->?wB))->(?wB->?wB))))
(A(a,b,(z,x))->((?wB->((?wB->?wB)->?wB))->(?wB->?wB)))
((A(a,b,(z,x))->(?wB->((?wB->?wB)->?wB)))->((A(a,b,(z,x))->((?wB->((?wB->?wB)->?wB))->(?wB->?wB)))->(A(a,b,(z,x))->(?wB->?wB))))
((A(a,b,(z,x))->((?wB->((?wB->?wB)->?wB))->(?wB->?wB)))->(A(a,b,(z,x))->(?wB->?wB)))
(A(a,b,(z,x))->(?wB->?wB))
(((?wB->?wB)->((?wB->(?wB->(A(a,b,(z,x))->A(a,b,(z,x)))))->(?wB->(A(a,b,(z,x))->A(a,b,(z,x))))))->(A(a,b,(z,x))->((?wB->?wB)->((?wB->(?wB->(A(a,b,(z,x))->A(a,b,(z,x)))))->(?wB->(A(a,b,(z,x))->A(a,b,(z,x))))))))
((?wB->?wB)->((?wB->(?wB->(A(a,b,(z,x))->A(a,b,(z,x)))))->(?wB->(A(a,b,(z,x))->A(a,b,(z,x))))))
(A(a,b,(z,x))->((?wB->?wB)->((?wB->(?wB->(A(a,b,(z,x))->A(a,b,(z,x)))))->(?wB->(A(a,b,(z,x))->A(a,b,(z,x)))))))
((A(a,b,(z,x))->(?wB->?wB))->((A(a,b,(z,x))->((?wB->?wB)->((?wB->(?wB->(A(a,b,(z,x))->A(a,b,(z,x)))))->(?wB->(A(a,b,(z,x))->A(a,b,(z,x)))))))->(A(a,b,(z,x))->((?wB->(?wB->(A(a,b,(z,x))->A(a,b,(z,x)))))->(?wB->(A(a,b,(z,x))->A(a,b,(z,x))))))))
((A(a,b,(z,x))->((?wB->?wB)->((?wB->(?wB->(A(a,b,(z,x))->A(a,b,(z,x)))))->(?wB->(A(a,b,(z,x))->A(a,b,(z,x)))))))->(A(a,b,(z,x))->((?wB->(?wB->(A(a,b,(z,x))->A(a,b,(z,x)))))->(?wB->(A(a,b,(z,x))->A(a,b,(z,x)))))))
(A(a,b,(z,x))->((?wB->(?wB->(A(a,b,(z,x))->A(a,b,(z,x)))))->(?wB->(A(a,b,(z,x))->A(a,b,(z,x))))))
((?wB->(A(a,b,(z,x))->A(a,b,(z,x))))->(A(a,b,(z,x))->(?wB->(A(a,b,(z,x))->A(a,b,(z,x))))))
(?wB->(A(a,b,(z,x))->A(a,b,(z,x))))
(A(a,b,(z,x))->(?wB->(A(a,b,(z,x))->A(a,b,(z,x)))))
((A(a,b,(z,x))->(?wB->A(a,b,(z,x))))->(A(a,b,(z,x))->(A(a,b,(z,x))->(?wB->A(a,b,(z,x))))))
(A(a,b,(z,x))->(?wB->A(a,b,(z,x))))
(A(a,b,(z,x))->(A(a,b,(z,x))->(?wB->A(a,b,(z,x)))))
(A(a,b,(z,x))->((A(a,b,(z,x))->A(a,b,(z,x)))->A(a,b,(z,x))))
(A(a,b,(z,x))->(A(a,b,(z,x))->A(a,b,(z,x))))
((A(a,b,(z,x))->(A(a,b,(z,x))->A(a,b,(z,x))))->((A(a,b,(z,x))->((A(a,b,(z,x))->A(a,b,(z,x)))->A(a,b,(z,x))))->(A(a,b,(z,x))->A(a,b,(z,x)))))
((A(a,b,(z,x))->((A(a,b,(z,x))->A(a,b,(z,x)))->A(a,b,(z,x))))->(A(a,b,(z,x))->A(a,b,(z,x))))
(A(a,b,(z,x))->A(a,b,(z,x)))
((A(a,b,(z,x))->A(a,b,(z,x)))->((A(a,b,(z,x))->(A(a,b,(z,x))->(?wB->A(a,b,(z,x)))))->(A(a,b,(z,x))->(?wB->A(a,b,(z,x))))))
((A(a,b,(z,x))->(A(a,b,(z,x))->(?wB->A(a,b,(z,x)))))->(A(a,b,(z,x))->(?wB->A(a,b,(z,x)))))
(A(a,b,(z,x))->(?wB->A(a,b,(z,x))))
(((?wB->A(a,b,(z,x)))->((?wB->(A(a,b,(z,x))->A(a,b,(z,x))))->(?wB->A(a,b,(z,x)))))->(A(a,b,(z,x))->((?wB->A(a,b,(z,x)))->((?wB->(A(a,b,(z,x))->A(a,b,(z,x))))->(?wB->A(a,b,(z,x)))))))
((?wB->A(a,b,(z,x)))->((?wB->(A(a,b,(z,x))->A(a,b,(z,x))))->(?wB->A(a,b,(z,x)))))
(A(a,b,(z,x))->((?wB->A(a,b,(z,x)))->((?wB->(A(a,b,(z,x))->A(a,b,(z,x))))->(?wB->A(a,b,(z,x))))))
((A(a,b,(z,x))->(?wB->A(a,b,(z,x))))->((A(a,b,(z,x))->((?wB->A(a,b,(z,x)))->((?wB->(A(a,b,(z,x))->A(a,b,(z,x))))->(?wB->A(a,b,(z,x))))))->(A(a,b,(z,x))->((?wB->(A(a,b,(z,x))->A(a,b,(z,x))))->(?wB->A(a,b,(z,x)))))))
((A(a,b,(z,x))->((?wB->A(a,b,(z,x)))->((?wB->(A(a,b,(z,x))->A(a,b,(z,x))))->(?wB->A(a,b,(z,x))))))->(A(a,b,(z,x))->((?wB->(A(a,b,(z,x))->A(a,b,(z,x))))->(?wB->A(a,b,(z,x))))))
(A(a,b,(z,x))->((?wB->(A(a,b,(z,x))->A(a,b,(z,x))))->(?wB->A(a,b,(z,x)))))
((A(a,b,(z,x))->(?wB->(A(a,b,(z,x))->A(a,b,(z,x)))))->((A(a,b,(z,x))->((?wB->(A(a,b,(z,x))->A(a,b,(z,x))))->(?wB->A(a,b,(z,x)))))->(A(a,b,(z,x))->(?wB->A(a,b,(z,x))))))
((A(a,b,(z,x))->((?wB->(A(a,b,(z,x))->A(a,b,(z,x))))->(?wB->A(a,b,(z,x)))))->(A(a,b,(z,x))->(?wB->A(a,b,(z,x)))))
(A(a,b,(z,x))->(?wB->A(a,b,(z,x))))
